0.55882185437766
0.56568988121671
0.29073556727558
0.55822439108537
0.51600655636765
0.69242825092263
0.50217823453513
0.42085818870417
0.50025046337874
0.87406268585848
0.51132717558098
0.54796181584112
0.62970790233517
0.23672170016845
0.56317630318572
0.57736691176686
0.43502499070782
0.31998444787248
0.38452079098267
0.41439319523409
0.65555249192855
0.43224434566414
0.15081345278487
0.29895222580363
0.51594072082592
0.41281707659663
0.80397569628583
0.65934691341889
0.48720649429130
0.48370927500280
