3.20597523990619
3.53627894497170
-6.20287943115089
2.08557462629171
-0.97385581164669
5.75538952391281
-0.41184286578209
-1.97541075375424
0.22470846269122
10.29953033023100
-0.38848891722108
1.76233277646192
3.71400911210841
-8.21358021252894
-1.71187857346962
1.04952790084623
-3.46616327135947
-4.08437793206401
-2.99208260249952
-2.23842239692468
6.46882179508656
-2.16039444345005
-10.43090743227192
-6.42425851157498
0.65853611630185
-2.11602848648856
11.22958985683614
3.92961243244308
1.12433422263523
-1.25364969853732
