0.56132539456703
0.56800545922108
0.26723538582108
0.55854654784622
0.51804008112310
0.66840788328843
0.50050120884226
0.41745277821214
0.50411365622137
0.87115576811314
0.51017190587271
0.54635696988196
0.62831885457875
0.22118394795925
0.56183934716813
0.57995249536235
0.43469469952193
0.30433052071802
0.36721569762384
0.41637700486123
0.63819370975061
0.43608285364450
0.30529938863481
0.29703998416574
0.51259375185274
0.41107660155669
0.77484536904376
0.64780878322532
0.48579745912712
0.48603649219474
