0.56201620660227
0.56798367300360
0.29477726529329
0.55799766853776
0.51645921575550
0.63922206462762
0.50184817460633
0.41819492776516
0.50353302341848
0.85738054575056
0.51135897363951
0.54562420124479
0.62865292683908
0.23508426991702
0.56319815444827
0.57895908529024
0.43410171693780
0.31915437173807
0.38178122289752
0.41587480030077
0.63934740810761
0.43597979183830
0.30472218904112
0.29722835468351
0.51312114994743
0.41148275855424
0.77635943574872
0.61874915828411
0.48614881714100
0.48365844804039
