3.27705918404546
3.61111500925692
-6.82112485653515
2.11613201361094
-0.90912411795576
5.50924583936844
-0.47443786208824
-2.08936403804873
0.34768845754528
10.22591508651098
-0.45243272827920
1.72177436373750
3.66300847530562
-8.54468493692429
-1.74338050196910
1.13567916454741
-3.47435943753781
-4.28790744315414
-3.30117633231192
-2.17453644697889
5.88980451071124
-2.03947817504398
-5.99557543884999
-6.50311524546172
0.56471351089967
-2.17755669828873
9.46907563676742
3.56109158831812
1.07293650985613
-1.17698509105349
