3.30484744252047
3.64000062255660
-8.59541460027445
2.12436125428711
-0.84306801500842
5.61813465026082
-0.51444342322863
-2.16817407287445
0.42623804465636
10.14450389786709
-0.48437798713900
1.69233837660682
3.64101006312614
-9.20528865625100
-1.78437223806510
1.18395582821467
-3.49018268299005
-4.67605139708645
-3.85764245353618
-2.13383713702878
5.80331874227921
-1.96137678962282
-2.61510764298844
-6.52851190959473
0.48596211906421
-2.21701079149760
9.43132588607324
3.60506867727522
1.04804497776374
-1.07425078536559
