0.56716417910448
0.58208955223881
0.28358208955224
0.56060606060606
0.50769230769231
0.65151515151515
0.50746268656716
0.41176470588235
0.50746268656716
0.89393939393939
0.50746268656716
0.53731343283582
0.63636363636364
0.20588235294118
0.58208955223881
0.58208955223881
0.42647058823529
0.31343283582090
0.36363636363636
0.41176470588235
0.65671641791045
0.43939393939394
0.29850746268657
0.26865671641791
0.51470588235294
0.39393939393939
0.82089552238806
0.63636363636364
0.47761194029851
0.46969696969697
