3.30804734623164
3.61845667761188
-6.06661711946257
2.09923653783636
-0.94891220260424
4.56629521555143
-0.44606968351876
-2.07638052000387
0.34422253962947
10.14003221108266
-0.41506019242275
1.69450552452445
3.66968515689187
-8.28358390651663
-1.71424518465610
1.11601705060389
-3.49562313426851
-4.13215018065951
-3.09420266750343
-2.18487635069944
5.90775633299364
-2.02656889354334
-5.40942903055458
-6.49714986354884
0.56653953592807
-2.16488893542292
9.50003907297337
2.58709677038665
1.08067336026472
-1.24284546712466
